Copyright 1986-2022 Xilinx, Inc. All Rights Reserved. Copyright 2022-2024 Advanced Micro Devices, Inc. All Rights Reserved.
---------------------------------------------------------------------------------------------------------------------------------------------
| Tool Version : Vivado v.2024.2 (win64) Build 5239630 Fri Nov 08 22:35:27 MST 2024
| Date         : Thu Jun 12 15:30:14 2025
| Host         : TEMP-MATI running 64-bit major release  (build 9200)
| Command      : report_control_sets -verbose -file main_control_sets_placed.rpt
| Design       : main
| Device       : xc7a35ti
---------------------------------------------------------------------------------------------------------------------------------------------

Control Set Information

Table of Contents
-----------------
1. Summary
2. Histogram
3. Flip-Flop Distribution
4. Detailed Control Set Information

1. Summary
----------

+----------------------------------------------------------+-------+
|                          Status                          | Count |
+----------------------------------------------------------+-------+
| Total control sets                                       |    19 |
|    Minimum number of control sets                        |    19 |
|    Addition due to synthesis replication                 |     0 |
|    Addition due to physical synthesis replication        |     0 |
| Unused register locations in slices containing registers |    75 |
+----------------------------------------------------------+-------+
* Control sets can be merged at opt_design using control_set_merge or merge_equivalent_drivers
** Run report_qor_suggestions for automated merging and remapping suggestions


2. Histogram
------------

+--------------------+-------+
|       Fanout       | Count |
+--------------------+-------+
| Total control sets |    19 |
| >= 0 to < 4        |     4 |
| >= 4 to < 6        |     5 |
| >= 6 to < 8        |     1 |
| >= 8 to < 10       |     1 |
| >= 10 to < 12      |     1 |
| >= 12 to < 14      |     1 |
| >= 14 to < 16      |     0 |
| >= 16              |     6 |
+--------------------+-------+
* Control sets can be remapped at either synth_design or opt_design


3. Flip-Flop Distribution
-------------------------

+--------------+-----------------------+------------------------+-----------------+--------------+
| Clock Enable | Synchronous Set/Reset | Asynchronous Set/Reset | Total Registers | Total Slices |
+--------------+-----------------------+------------------------+-----------------+--------------+
| No           | No                    | No                     |              17 |           10 |
| No           | No                    | Yes                    |               3 |            1 |
| No           | Yes                   | No                     |              72 |           19 |
| Yes          | No                    | No                     |              51 |           17 |
| Yes          | No                    | Yes                    |              33 |           13 |
| Yes          | Yes                   | No                     |              21 |            6 |
+--------------+-----------------------+------------------------+-----------------+--------------+


4. Detailed Control Set Information
-----------------------------------

+-------------------------+----------------------------+--------------------------------+------------------+----------------+--------------+
|       Clock Signal      |        Enable Signal       |        Set/Reset Signal        | Slice Load Count | Bel Load Count | Bels / Slice |
+-------------------------+----------------------------+--------------------------------+------------------+----------------+--------------+
|  line_no_reg[1]_i_2_n_0 | U2/LCD_RS_i_1_n_0          | debouncer_inst/pulse_out       |                1 |              1 |         1.00 |
|  line_no_reg[1]_i_2_n_0 | U2/LCD_E_i_1_n_0           | debouncer_inst/pulse_out       |                1 |              1 |         1.00 |
|  Clock100MHz_IBUF_BUFG  | U1/trig_signal_i_2_n_0     | U1/p_1_in                      |                1 |              1 |         1.00 |
|  line_no_reg[1]_i_2_n_0 |                            | debouncer_inst/pulse_out       |                1 |              3 |         3.00 |
|  line_no_reg[1]_i_2_n_0 | U2/LCD_DATA0               |                                |                1 |              4 |         4.00 |
|  line_no_reg[1]_i_2_n_0 | U2/reset_cnt0              |                                |                1 |              4 |         4.00 |
|  line_no_reg[1]_i_2_n_0 | debouncer_inst/E[0]        |                                |                2 |              5 |         2.50 |
|  line_no_reg[1]_i_2_n_0 | U2/next_command[4]_i_1_n_0 | debouncer_inst/pulse_out       |                1 |              5 |         5.00 |
|  line_no_reg[1]_i_2_n_0 | U2/state[4]_i_1_n_0        | debouncer_inst/pulse_out       |                2 |              5 |         2.50 |
|  Clock100MHz_IBUF_BUFG  |                            |                                |                5 |              7 |         1.40 |
|  line_no_reg[1]_i_2_n_0 | U2/g0_b0_n_0               | debouncer_inst/pulse_out       |                2 |              8 |         4.00 |
|  line_no_reg[1]_i_2_n_0 |                            |                                |                5 |             10 |         2.00 |
|  line_no_reg[1]_i_2_n_0 | U2/char_no[5]_i_1_n_0      | debouncer_inst/pulse_out       |                6 |             13 |         2.17 |
|  Clock100MHz_IBUF_BUFG  |                            | debouncer_inst/pulse_out_reg_0 |                4 |             16 |         4.00 |
|  line_no_reg[1]_i_2_n_0 | U2/last_val_int0           |                                |                6 |             18 |         3.00 |
|  Clock100MHz_IBUF_BUFG  | U1/counter                 |                                |                7 |             20 |         2.86 |
|  Clock100MHz_IBUF_BUFG  | ECHO_IBUF                  | U1/counter                     |                5 |             20 |         4.00 |
|  Clock100MHz_IBUF_BUFG  |                            | U1/trig_cnt[0]_i_1_n_0         |                6 |             23 |         3.83 |
|  Clock100MHz_IBUF_BUFG  |                            | debouncer_inst/clear           |                9 |             33 |         3.67 |
+-------------------------+----------------------------+--------------------------------+------------------+----------------+--------------+


