#-----------------------------------------------------------
# Vivado v2024.2 (64-bit)
# SW Build 5239630 on Fri Nov 08 22:35:27 MST 2024
# IP Build 5239520 on Sun Nov 10 16:12:51 MST 2024
# SharedData Build 5239561 on Fri Nov 08 14:39:27 MST 2024
# Start of session at: Thu Jun 12 13:22:38 2025
# Process ID         : 11760
# Current directory  : C:/data/pul
# Command line       : vivado.exe -gui_launcher_event rodinguilauncherevent10736 C:\data\pul\project_1.xpr
# Log file           : C:/data/pul/vivado.log
# Journal file       : C:/data/pul\vivado.jou
# Running On         : TEMP-MATI
# Platform           : Windows Server 2016 or Windows 10
# Operating System   : 26100
# Processor Detail   : 13th Gen Intel(R) Core(TM) i7-13620H
# CPU Frequency      : 2918 MHz
# CPU Physical cores : 10
# CPU Logical cores  : 16
# Host memory        : 33965 MB
# Swap memory        : 2147 MB
# Total Virtual      : 36113 MB
# Available Virtual  : 29524 MB
#-----------------------------------------------------------
start_gui
open_project C:/data/pul/project_1.xpr
INFO: [filemgmt 56-3] Default IP Output Path : Could not find the directory 'C:/data/pul/project_1.gen/sources_1'.
Scanning sources...
Finished scanning sources
INFO: [IP_Flow 19-234] Refreshing IP repositories
INFO: [IP_Flow 19-1704] No user IP repositories specified
INFO: [IP_Flow 19-2313] Loaded Vivado IP repository 'C:/Xilinx/Vivado/2024.2/data/ip'.
open_project: Time (s): cpu = 00:00:21 ; elapsed = 00:00:11 . Memory (MB): peak = 1188.277 ; gain = 70.398
